[0;37;44m                                                                                           [0m
[0;37;44m[1m  42TIG                                                                                    [0m
[0;30;47m                                                                                           [0m
[0;30;47m [0m philo |PID: 284405 | 15:20:08                                                           [0;30;47m [0m
[0;30;47m                                                                                           [0m
[0;30;47m [0m     /home/rrabetsy/42/42tig                                                             [0;30;47m [0m
0 1 has taken a fork
0 1 has taken a fork
0 1 is eating
0 5 has taken a fork
0 3 has taken a fork
0 3 has taken a fork
0 3 is eating
200 1 is sleeping
200 3 is sleeping
200 5 has taken a fork
200 5 is eating
200 2 has taken a fork
200 2 has taken a fork
200 2 is eating
200 4 has taken a fork
300 3 is thinking
300 1 is thinking
400 5 is sleeping
400 2 is sleeping
400 3 has taken a fork
400 1 has taken a fork
400 1 has taken a fork
400 1 is eating
400 4 has taken a fork
400 4 is eating
500 2 is thinking
500 5 is thinking
600 1 is sleeping
600 2 has taken a fork
600 4 is sleeping
600 3 has taken a fork
600 3 is eating
600 5 has taken a fork
600 5 has taken a fork
600 5 is eating
700 1 is thinking
700 4 is thinking
800 5 is sleeping
800 3 is sleeping
800 2 has taken a fork
800 2 is eating
800 4 has taken a fork
800 4 has taken a fork
800 4 is eating
800 1 has taken a fork
900 5 is thinking
900 3 is thinking
1000 2 is sleeping
1000 4 is sleeping
1000 3 has taken a fork
1000 3 has taken a fork
1000 3 is eating
1000 5 has taken a fork
1000 1 has taken a fork
1000 1 is eating
1100 2 is thinking
1100 4 is thinking
[0;30;47m [0m                                                                                         [0;30;47m [0m
[0;30;47m[30m                                                                                Q: Quitter [0m
                             
